<?xml version="1.0" encoding="UTF-8"?>
<!-- Generated by org.testng.reporters.JUnitReportReporter -->
<testsuite skipped="0" hostname="Admin-PC" name="Week5.day2.TestNGTests" tests="1" failures="0" timestamp="2021-10-05T19:06:25 IST" time="0.011" errors="0">
  <testcase name="createLead" time="0.011" classname="Week5.day2.TestNGTests"/>
  <system-out/>
</testsuite> <!-- Week5.day2.TestNGTests -->
