<?xml version="1.0" encoding="UTF-8"?>
<!-- Generated by org.testng.reporters.JUnitReportReporter -->
<testsuite skipped="0" hostname="Admin-PC" name="Week5.day1.TestNgTest" tests="1" failures="0" timestamp="2021-10-05T14:00:07 IST" time="0.003" errors="0">
  <testcase name="test2" time="0.003" classname="Week5.day1.TestNgTest"/>
  <system-out/>
</testsuite> <!-- Week5.day1.TestNgTest -->
