<?xml version="1.0" encoding="UTF-8"?>
<!-- Generated by org.testng.reporters.JUnitReportReporter -->
<testsuite skipped="0" hostname="Admin-PC" name="testcase.CreateLead" tests="1" failures="0" timestamp="2021-10-06T11:25:41 IST" time="13.854" errors="0">
  <testcase name="runCreatLead" time="13.854" classname="testcase.CreateLead"/>
  <system-out/>
</testsuite> <!-- testcase.CreateLead -->
