<?xml version="1.0" encoding="UTF-8"?>
<!-- Generated by org.testng.reporters.JUnitReportReporter -->
<testsuite skipped="0" hostname="Admin-PC" name="testNGCase.TestCase1" tests="1" failures="0" timestamp="2022-02-20T18:27:01 IST" time="0.013" errors="0">
  <testcase name="Testone" time="0.013" classname="testNGCase.TestCase1"/>
  <system-out/>
</testsuite> <!-- testNGCase.TestCase1 -->
