<?xml version="1.0" encoding="UTF-8"?>
<!-- Generated by org.testng.reporters.JUnitReportReporter -->
<testsuite skipped="0" hostname="Admin-PC" name="Week5.day1.LearnAnnotation" tests="1" failures="0" timestamp="2022-01-26T11:17:29 IST" time="0.017" errors="0">
  <testcase name="test1" time="0.017" classname="Week5.day1.LearnAnnotation"/>
  <system-out/>
</testsuite> <!-- Week5.day1.LearnAnnotation -->
