<?xml version="1.0" encoding="UTF-8"?>
<!-- Generated by org.testng.reporters.JUnitReportReporter -->
<testsuite skipped="0" hostname="Admin-PC" name="testcase.EditLead" tests="1" failures="0" timestamp="2021-10-03T11:32:09 IST" time="297.808" errors="0">
  <testcase name="runEdit" time="297.808" classname="testcase.EditLead"/>
  <system-out/>
</testsuite> <!-- testcase.EditLead -->
