<?xml version="1.0" encoding="UTF-8"?>
<!-- Generated by org.testng.reporters.JUnitReportReporter -->
<testsuite hostname="Admin-PC" failures="0" tests="1" name="TestngSample" time="11.883" errors="0" timestamp="2021-10-01T11:43:20 IST" skipped="0">
  <testcase classname="TestngSample" name="loginPage" time="11.883"/>
  <system-out/>
</testsuite> <!-- TestngSample -->
