<?xml version="1.0" encoding="UTF-8"?>
<!-- Generated by org.testng.reporters.JUnitReportReporter -->
<testsuite skipped="0" hostname="Admin-PC" name="testNGCase.TestCase2" tests="1" failures="0" timestamp="2022-02-20T18:27:01 IST" time="0.002" errors="0">
  <testcase name="Testtwo" time="0.002" classname="testNGCase.TestCase2"/>
  <system-out/>
</testsuite> <!-- testNGCase.TestCase2 -->
