<?xml version="1.0" encoding="UTF-8"?>
<!-- Generated by org.testng.reporters.JUnitReportReporter -->
<testsuite skipped="0" hostname="Admin-PC" name="Week5.day2.CreateLead1" tests="2" failures="0" timestamp="2021-10-06T13:59:07 IST" time="10.423" errors="0">
  <testcase name="runCreatLead" time="4.451" classname="Week5.day2.CreateLead1"/>
  <system-out/>
  <testcase name="runCreatLead" time="5.972" classname="Week5.day2.CreateLead1"/>
  <system-out/>
</testsuite> <!-- Week5.day2.CreateLead1 -->
