<?xml version="1.0" encoding="UTF-8"?>
<!-- Generated by org.testng.reporters.JUnitReportReporter -->
<testsuite hostname="Admin-PC" failures="0" tests="1" name="testcase.MergeLead" time="22.687" errors="0" timestamp="2021-10-02T10:17:43 IST" skipped="0">
  <testcase classname="testcase.MergeLead" name="runMerge" time="22.687"/>
  <system-out/>
</testsuite> <!-- testcase.MergeLead -->
